<?xml version="1.0" encoding="UTF-8"?>
<!-- Generated by org.testng.reporters.JUnitReportReporter -->
<testsuite skipped="0" hostname="LAPTOP-QVKC38NK" name="rep.Demo" tests="1" failures="0" timestamp="2019-10-31T14:36:36 IST" time="0.011" errors="0">
  <testcase name="test" time="0.011" classname="rep.Demo"/>
</testsuite> <!-- rep.Demo -->
